DNA constructs in DNA plate
{'standard_GFP_transformation_lvl1': ['A1']}
Competent cells and media in tube rack
{'Competent Cell DH5alpha_1': 'A1', 'Media_1': 'B1'}
Genetically modified organisms in thermocycler
{'A1': ['E_coli_DH5alpha_with_standard_GFP_transformation_lvl1', 'Competent_Cell_DH5alpha', 'standard_GFP_transformation_lvl1', 'Media_1'], 'B1': ['E_coli_DH5alpha_with_standard_GFP_transformation_lvl1', 'Competent_Cell_DH5alpha', 'standard_GFP_transformation_lvl1', 'Media_1']}
Simulation detected - enabling water testing mode
Opening Thermocycler lid
Distributing 20.0 from A1 of Opentrons 24 Tube Rack with Eppendorf 1.5 mL Safe-Lock Snapcap on slot 3 to A1 of NEST 96 Well Plate 100 µL PCR Full Skirt on Thermocycler Module GEN1 on slot 7
	Transferring 20.0 from A1 of Opentrons 24 Tube Rack with Eppendorf 1.5 mL Safe-Lock Snapcap on slot 3 to A1 of NEST 96 Well Plate 100 µL PCR Full Skirt on Thermocycler Module GEN1 on slot 7
		Picking up tip from A1 of Opentrons OT-2 96 Filter Tip Rack 200 µL on slot 6
		Mixing 3 times with a volume of 50.0 ul
			Aspirating 50.0 uL from A1 of Opentrons 24 Tube Rack with Eppendorf 1.5 mL Safe-Lock Snapcap on slot 3 at 92.86 uL/sec
			Dispensing 50.0 uL into A1 of Opentrons 24 Tube Rack with Eppendorf 1.5 mL Safe-Lock Snapcap on slot 3 at 92.86 uL/sec
			Aspirating 50.0 uL from A1 of Opentrons 24 Tube Rack with Eppendorf 1.5 mL Safe-Lock Snapcap on slot 3 at 92.86 uL/sec
			Dispensing 50.0 uL into A1 of Opentrons 24 Tube Rack with Eppendorf 1.5 mL Safe-Lock Snapcap on slot 3 at 92.86 uL/sec
			Aspirating 50.0 uL from A1 of Opentrons 24 Tube Rack with Eppendorf 1.5 mL Safe-Lock Snapcap on slot 3 at 92.86 uL/sec
			Dispensing 50.0 uL into A1 of Opentrons 24 Tube Rack with Eppendorf 1.5 mL Safe-Lock Snapcap on slot 3 at 92.86 uL/sec
		Aspirating 40.0 uL from A1 of Opentrons 24 Tube Rack with Eppendorf 1.5 mL Safe-Lock Snapcap on slot 3 at 92.86 uL/sec
		Dispensing 20.0 uL into A1 of NEST 96 Well Plate 100 µL PCR Full Skirt on Thermocycler Module GEN1 on slot 7 at 92.86 uL/sec
		Dispensing 20.0 uL into B1 of NEST 96 Well Plate 100 µL PCR Full Skirt on Thermocycler Module GEN1 on slot 7 at 92.86 uL/sec
		Dropping tip into Trash Bin on slot 12
Picking up tip from A1 of Opentrons OT-2 96 Tip Rack 20 µL on slot 9
Mixing 3 times with a volume of 2.0 ul
	Aspirating 2.0 uL from A1 of NEST 96 Well Plate 100 µL PCR Full Skirt on slot 2 at 7.56 uL/sec
	Dispensing 2.0 uL into A1 of NEST 96 Well Plate 100 µL PCR Full Skirt on slot 2 at 7.56 uL/sec
	Aspirating 2.0 uL from A1 of NEST 96 Well Plate 100 µL PCR Full Skirt on slot 2 at 7.56 uL/sec
	Dispensing 2.0 uL into A1 of NEST 96 Well Plate 100 µL PCR Full Skirt on slot 2 at 7.56 uL/sec
	Aspirating 2.0 uL from A1 of NEST 96 Well Plate 100 µL PCR Full Skirt on slot 2 at 7.56 uL/sec
	Dispensing 2.0 uL into A1 of NEST 96 Well Plate 100 µL PCR Full Skirt on slot 2 at 7.56 uL/sec
Aspirating 2.0 uL from A1 of NEST 96 Well Plate 100 µL PCR Full Skirt on slot 2 at 3.78 uL/sec
Dispensing 2.0 uL into A1 of NEST 96 Well Plate 100 µL PCR Full Skirt on Thermocycler Module GEN1 on slot 7 at 7.56 uL/sec
Blowing out at A1 of NEST 96 Well Plate 100 µL PCR Full Skirt on Thermocycler Module GEN1 on slot 7
Aspirating 20.0 uL from A1 of NEST 96 Well Plate 100 µL PCR Full Skirt on Thermocycler Module GEN1 on slot 7 at 7.56 uL/sec
Dispensing 20.0 uL into A1 of NEST 96 Well Plate 100 µL PCR Full Skirt on Thermocycler Module GEN1 on slot 7 at 7.56 uL/sec
Aspirating 20.0 uL from A1 of NEST 96 Well Plate 100 µL PCR Full Skirt on Thermocycler Module GEN1 on slot 7 at 7.56 uL/sec
Dispensing 20.0 uL into A1 of NEST 96 Well Plate 100 µL PCR Full Skirt on Thermocycler Module GEN1 on slot 7 at 7.56 uL/sec
Touching tip
Dropping tip into Trash Bin on slot 12
Picking up tip from B1 of Opentrons OT-2 96 Tip Rack 20 µL on slot 9
Mixing 3 times with a volume of 2.0 ul
	Aspirating 2.0 uL from A1 of NEST 96 Well Plate 100 µL PCR Full Skirt on slot 2 at 7.56 uL/sec
	Dispensing 2.0 uL into A1 of NEST 96 Well Plate 100 µL PCR Full Skirt on slot 2 at 7.56 uL/sec
	Aspirating 2.0 uL from A1 of NEST 96 Well Plate 100 µL PCR Full Skirt on slot 2 at 7.56 uL/sec
	Dispensing 2.0 uL into A1 of NEST 96 Well Plate 100 µL PCR Full Skirt on slot 2 at 7.56 uL/sec
	Aspirating 2.0 uL from A1 of NEST 96 Well Plate 100 µL PCR Full Skirt on slot 2 at 7.56 uL/sec
	Dispensing 2.0 uL into A1 of NEST 96 Well Plate 100 µL PCR Full Skirt on slot 2 at 7.56 uL/sec
Aspirating 2.0 uL from A1 of NEST 96 Well Plate 100 µL PCR Full Skirt on slot 2 at 3.78 uL/sec
Dispensing 2.0 uL into B1 of NEST 96 Well Plate 100 µL PCR Full Skirt on Thermocycler Module GEN1 on slot 7 at 7.56 uL/sec
Blowing out at B1 of NEST 96 Well Plate 100 µL PCR Full Skirt on Thermocycler Module GEN1 on slot 7
Aspirating 20.0 uL from B1 of NEST 96 Well Plate 100 µL PCR Full Skirt on Thermocycler Module GEN1 on slot 7 at 7.56 uL/sec
Dispensing 20.0 uL into B1 of NEST 96 Well Plate 100 µL PCR Full Skirt on Thermocycler Module GEN1 on slot 7 at 7.56 uL/sec
Aspirating 20.0 uL from B1 of NEST 96 Well Plate 100 µL PCR Full Skirt on Thermocycler Module GEN1 on slot 7 at 7.56 uL/sec
Dispensing 20.0 uL into B1 of NEST 96 Well Plate 100 µL PCR Full Skirt on Thermocycler Module GEN1 on slot 7 at 7.56 uL/sec
Touching tip
Dropping tip into Trash Bin on slot 12
Closing Thermocycler lid
Opening Thermocycler lid
Distributing 60.0 from B1 of Opentrons 24 Tube Rack with Eppendorf 1.5 mL Safe-Lock Snapcap on slot 3 to A1 of NEST 96 Well Plate 100 µL PCR Full Skirt on Thermocycler Module GEN1 on slot 7
	Transferring 60.0 from B1 of Opentrons 24 Tube Rack with Eppendorf 1.5 mL Safe-Lock Snapcap on slot 3 to A1 of NEST 96 Well Plate 100 µL PCR Full Skirt on Thermocycler Module GEN1 on slot 7
		Picking up tip from B1 of Opentrons OT-2 96 Filter Tip Rack 200 µL on slot 6
		Aspirating 120.0 uL from B1 of Opentrons 24 Tube Rack with Eppendorf 1.5 mL Safe-Lock Snapcap on slot 3 at 92.86 uL/sec
		Air gap of 10 uL
			Aspirating 10.0 uL from B1 of Opentrons 24 Tube Rack with Eppendorf 1.5 mL Safe-Lock Snapcap on slot 3 at 92.86 uL/sec
		Dispensing 70.0 uL into A1 of NEST 96 Well Plate 100 µL PCR Full Skirt on Thermocycler Module GEN1 on slot 7 at 92.86 uL/sec
		Air gap of 10 uL
			Aspirating 10.0 uL from A1 of NEST 96 Well Plate 100 µL PCR Full Skirt on Thermocycler Module GEN1 on slot 7 at 92.86 uL/sec
		Dispensing 70.0 uL into B1 of NEST 96 Well Plate 100 µL PCR Full Skirt on Thermocycler Module GEN1 on slot 7 at 92.86 uL/sec
		Dropping tip into Trash Bin on slot 12
Closing Thermocycler lid

======================================================================
Generated plating_input.json for next protocol
  Bacteria locations: 2
======================================================================
/Users/gonzalovidal/.opentrons/robot_settings.json not found. Loading defaults
Deck calibration not found.
/Users/gonzalovidal/.opentrons/deck_calibration.json not found. Loading defaults
